0 info it worked if it ends with ok
1 verbose cli [ 'C:\\Program Files\\nodejs\\node.exe',
1 verbose cli   'C:\\Program Files\\nodejs\\node_modules\\npm\\bin\\npm-cli.js',
1 verbose cli   'run',
1 verbose cli   'tsc:w' ]
2 info using npm@3.10.3
3 info using node@v6.6.0
4 verbose run-script [ 'pretsc:w', 'tsc:w', 'posttsc:w' ]
5 info lifecycle unraveling-angular-2@1.3.0~pretsc:w: unraveling-angular-2@1.3.0
6 silly lifecycle unraveling-angular-2@1.3.0~pretsc:w: no script for pretsc:w, continuing
7 info lifecycle unraveling-angular-2@1.3.0~tsc:w: unraveling-angular-2@1.3.0
8 verbose lifecycle unraveling-angular-2@1.3.0~tsc:w: unsafe-perm in lifecycle true
9 verbose lifecycle unraveling-angular-2@1.3.0~tsc:w: PATH: C:\Program Files\nodejs\node_modules\npm\bin\node-gyp-bin;C:\github\ua2samples\Chapter01\Exercise-01-02\node_modules\.bin;C:\Program Files\nodejs;C:\Program Files\nodejs\node_modules\npm\bin\node-gyp-bin;C:\github\ua2samples\Chapter01\Exercise-01-02\node_modules\.bin;C:\Program Files\nodejs;C:\Users\dotne\bin;C:\Program Files\Git\mingw64\bin;C:\Program Files\Git\usr\local\bin;C:\Program Files\Git\usr\bin;C:\Program Files\Git\usr\bin;C:\Program Files\Git\mingw64\bin;C:\Program Files\Git\usr\bin;C:\Users\dotne\bin;C:\Program Files\Docker\Docker\Resources\bin;C:\WINDOWS\system32;C:\WINDOWS;C:\WINDOWS\System32\Wbem;C:\WINDOWS\System32\WindowsPowerShell\v1.0;C:\Program Files\Microsoft SQL Server\120\Tools\Binn;C:\Program Files\Microsoft\Web Platform Installer;C:\Program Files (x86)\Microsoft SQL Server\Client SDK\ODBC\110\Tools\Binn;C:\Program Files (x86)\Microsoft SQL Server\120\Tools\Binn;C:\Program Files (x86)\Microsoft SQL Server\120\DTS\Binn;C:\Program Files (x86)\Microsoft SQL Server\120\Tools\Binn\ManagementStudio;C:\Program Files (x86)\Skype\Phone;C:\Program Files\Microsoft SQL Server\130\Tools\Binn;C:\Users\dotne\AppData\Local\Microsoft\WindowsApps;C:\Program Files\TortoiseSVN\bin;C:\Program Files\Microsoft DNX\Dnvm;C:\Program Files (x86)\Microsoft SDKs\Azure\CLI\wbin;C:\Program Files\Microsoft Service Fabric\bin\Fabric\Fabric.Code;C:\Program Files\Microsoft SDKs\Service Fabric\Tools\ServiceFabricLocalClusterManager;C:\Program Files (x86)\Microsoft SQL Server\Client SDK\ODBC\130\Tools\Binn;C:\Program Files (x86)\Microsoft SQL Server\130\Tools\Binn;C:\Program Files (x86)\Microsoft SQL Server\130\DTS\Binn;C:\Program Files (x86)\Microsoft SQL Server\130\Tools\Binn\ManagementStudio;C:\Program Files (x86)\Microsoft Emulator Manager\1.0;C:\Program Files (x86)\Windows Kits\10\Windows Performance Toolkit;C:\Program Files (x86)\Microsoft SQL Server\110\DTS\Binn;C:\Program Files\nodejs;C:\Program Files (x86)\PuTTY;C:\Program Files\dotnet;C:\Program Files\Git\cmd;C:\Program Files (x86)\Yarn\bin;C:\Users\dotne\AppData\Local\Microsoft\WindowsApps;C:\Program Files (x86)\Microsoft VS Code\bin;C:\Users\dotne\AppData\Roaming\npm;C:\Program Files\MongoDB\Server\3.2\bin;C:\Users\dotne\AppData\Local\Yarn\.bin;C:\Program Files\Git\usr\bin\vendor_perl;C:\Program Files\Git\usr\bin\core_perl
10 verbose lifecycle unraveling-angular-2@1.3.0~tsc:w: CWD: C:\github\ua2samples\Chapter01\Exercise-01-02
11 silly lifecycle unraveling-angular-2@1.3.0~tsc:w: Args: [ '/d /s /c', 'tsc -w' ]
12 silly lifecycle unraveling-angular-2@1.3.0~tsc:w: Returned: code: 1  signal: null
13 info lifecycle unraveling-angular-2@1.3.0~tsc:w: Failed to exec tsc:w script
14 verbose stack Error: unraveling-angular-2@1.3.0 tsc:w: `tsc -w`
14 verbose stack Exit status 1
14 verbose stack     at EventEmitter.<anonymous> (C:\Program Files\nodejs\node_modules\npm\lib\utils\lifecycle.js:242:16)
14 verbose stack     at emitTwo (events.js:106:13)
14 verbose stack     at EventEmitter.emit (events.js:191:7)
14 verbose stack     at ChildProcess.<anonymous> (C:\Program Files\nodejs\node_modules\npm\lib\utils\spawn.js:40:14)
14 verbose stack     at emitTwo (events.js:106:13)
14 verbose stack     at ChildProcess.emit (events.js:191:7)
14 verbose stack     at maybeClose (internal/child_process.js:877:16)
14 verbose stack     at Process.ChildProcess._handle.onexit (internal/child_process.js:226:5)
15 verbose pkgid unraveling-angular-2@1.3.0
16 verbose cwd C:\github\ua2samples\Chapter01\Exercise-01-02
17 error Windows_NT 10.0.15007
18 error argv "C:\\Program Files\\nodejs\\node.exe" "C:\\Program Files\\nodejs\\node_modules\\npm\\bin\\npm-cli.js" "run" "tsc:w"
19 error node v6.6.0
20 error npm  v3.10.3
21 error code ELIFECYCLE
22 error unraveling-angular-2@1.3.0 tsc:w: `tsc -w`
22 error Exit status 1
23 error Failed at the unraveling-angular-2@1.3.0 tsc:w script 'tsc -w'.
23 error Make sure you have the latest version of node.js and npm installed.
23 error If you do, this is most likely a problem with the unraveling-angular-2 package,
23 error not with npm itself.
23 error Tell the author that this fails on your system:
23 error     tsc -w
23 error You can get information on how to open an issue for this project with:
23 error     npm bugs unraveling-angular-2
23 error Or if that isn't available, you can get their info via:
23 error     npm owner ls unraveling-angular-2
23 error There is likely additional logging output above.
24 verbose exit [ 1, true ]
